<?xml version="1.0" encoding="UTF-8" ?>
<testsuite tests="4" failures="0" name="CucumberTest" time="0.008" errors="0" skipped="0">
  <properties>
[...]
</properties>
  <testcase classname="Scenario: User Signs In Successfully" name="Given a User wants to access the application" time="0.005"/>
  <testcase classname="Scenario: User Signs In Successfully" name="When they provide their login credentials" time="0.001"/>
  <testcase classname="Scenario: User Signs In Successfully" name="Then the user should be logged in successfully." time="0"/>
  <testcase classname="Scenario: User Signs In Successfully" name="Scenario: User Signs In Successfully" time="0.002"/>
</testsuite>